proguard/seeds.txt
online.news.About
online.news.About: About()
online.news.BaseActivity
online.news.BaseActivity: BaseActivity()
online.news.GuideActivity
online.news.GuideActivity: GuideActivity()
online.news.Help
online.news.Help: Help()
online.news.MainActivity
online.news.MainActivity: MainActivity()
online.news.NewsDetailActivity
online.news.NewsDetailActivity: NewsDetailActivity()
online.news.OtherNewsListActivity
online.news.OtherNewsListActivity: OtherNewsListActivity()
online.news.R$anim
online.news.R$anim: int pophidden_anim
online.news.R$anim: int popshow_anim
online.news.R$anim: int push_left_in
online.news.R$anim: int push_left_out
online.news.R$anim: int push_right_in
online.news.R$anim: int push_right_out
online.news.R$anim: int slide_in_from_bottom
online.news.R$anim: int slide_in_from_top
online.news.R$anim: int slide_out_to_bottom
online.news.R$anim: int slide_out_to_top
online.news.R$array
online.news.R$array: int UMageList
online.news.R$array: int UMgenderList
online.news.R$array: int content_font_size
online.news.R$array: int notification_labels
online.news.R$array: int online_news_labels
online.news.R$array: int settings_img_load
online.news.R$attr
online.news.R$attr: int actionBarDivider
online.news.R$attr: int actionBarItemBackground
online.news.R$attr: int actionBarSize
online.news.R$attr: int actionBarSplitStyle
online.news.R$attr: int actionBarStyle
online.news.R$attr: int actionBarTabBarStyle
online.news.R$attr: int actionBarTabStyle
online.news.R$attr: int actionBarTabTextStyle
online.news.R$attr: int actionBarWidgetTheme
online.news.R$attr: int actionButtonStyle
online.news.R$attr: int actionDropDownStyle
online.news.R$attr: int actionMenuTextAppearance
online.news.R$attr: int actionMenuTextColor
online.news.R$attr: int actionModeBackground
online.news.R$attr: int actionModeCloseButtonStyle
online.news.R$attr: int actionModeCloseDrawable
online.news.R$attr: int actionModePopupWindowStyle
online.news.R$attr: int actionModeShareDrawable
online.news.R$attr: int actionModeSplitBackground
online.news.R$attr: int actionModeStyle
online.news.R$attr: int actionOverflowButtonStyle
online.news.R$attr: int actionSpinnerItemStyle
online.news.R$attr: int activatedBackgroundIndicator
online.news.R$attr: int activityChooserViewStyle
online.news.R$attr: int background
online.news.R$attr: int backgroundSplit
online.news.R$attr: int backgroundStacked
online.news.R$attr: int behindOffset
online.news.R$attr: int behindScrollScale
online.news.R$attr: int behindWidth
online.news.R$attr: int blockBackground
online.news.R$attr: int blockDrawable
online.news.R$attr: int blockText
online.news.R$bool
online.news.R$bool: int abs__action_bar_embed_tabs
online.news.R$bool: int abs__action_bar_expanded_action_views_exclusive
online.news.R$bool: int abs__config_actionMenuItemAllCaps
online.news.R$bool: int abs__config_allowActionMenuItemTextWithIcon
online.news.R$bool: int abs__config_showMenuShortcutsWhenKeyboardPresent
online.news.R$bool: int abs__split_action_bar_is_narrow
online.news.R$bool: int default_title_indicator_selected_bold
...
android.support.v4.content.ModernAsyncTask$InternalHandler
android.support.v4.content.ModernAsyncTask$InternalHandler: ModernAsyncTask$InternalHandler()
android.support.v4.content.ModernAsyncTask$InternalHandler: void handleMessage(android.os.Message)
android.support.v4.content.ModernAsyncTask$InternalHandler: ModernAsyncTask$InternalHandler(android.support.v4.content.ModernAsyncTask$1)
android.support.v4.content.ModernAsyncTask$Status
android.support.v4.content.ModernAsyncTask$Status: android.support.v4.content.ModernAsyncTask$Status PENDING
android.support.v4.content.ModernAsyncTask$Status: android.support.v4.content.ModernAsyncTask$Status RUNNING
android.support.v4.content.ModernAsyncTask$Status: android.support.v4.content.ModernAsyncTask$Status FINISHED
android.support.v4.content.ModernAsyncTask$Status: android.support.v4.content.ModernAsyncTask$Status[] $VALUES
android.support.v4.content.ModernAsyncTask$Status: android.support.v4.content.ModernAsyncTask$Status[] values()
android.support.v4.content.ModernAsyncTask$Status: android.support.v4.content.ModernAsyncTask$Status valueOf(java.lang.String)
android.support.v4.content.ModernAsyncTask$Status: ModernAsyncTask$Status(java.lang.String,int)
android.support.v4.content.ModernAsyncTask$Status: void <clinit>()
android.support.v4.content.ModernAsyncTask$WorkerRunnable
android.support.v4.content.ModernAsyncTask$WorkerRunnable: java.lang.Object[] mParams
android.support.v4.content.ModernAsyncTask$WorkerRunnable: ModernAsyncTask$WorkerRunnable()
android.support.v4.content.ModernAsyncTask$WorkerRunnable: ModernAsyncTask$WorkerRunnable(android.support.v4.content.ModernAsyncTask$1)
android.support.v4.content.pm.ActivityInfoCompat
android.support.v4.content.pm.ActivityInfoCompat: int CONFIG_UI_MODE
android.support.v4.content.pm.ActivityInfoCompat: ActivityInfoCompat()
android.support.v4.database.DatabaseUtilsCompat
android.support.v4.database.DatabaseUtilsCompat: DatabaseUtilsCompat()
android.support.v4.database.DatabaseUtilsCompat: java.lang.String concatenateWhere(java.lang.String,java.lang.String)
android.support.v4.database.DatabaseUtilsCompat: java.lang.String[] appendSelectionArgs(java.lang.String[],java.lang.String[])
android.support.v4.net.ConnectivityManagerCompat
android.support.v4.net.ConnectivityManagerCompat: android.support.v4.net.ConnectivityManagerCompat$ConnectivityManagerCompatImpl IMPL
android.support.v4.net.ConnectivityManagerCompat: ConnectivityManagerCompat()
android.support.v4.net.ConnectivityManagerCompat: boolean isActiveNetworkMetered(android.net.ConnectivityManager)
android.support.v4.net.ConnectivityManagerCompat: android.net.NetworkInfo getNetworkInfoFromBroadcast(android.net.ConnectivityManager,android.content.Intent)
android.support.v4.net.ConnectivityManagerCompat: void <clinit>()
android.support.v4.net.ConnectivityManagerCompat$BaseConnectivityManagerCompatImpl
android.support.v4.net.ConnectivityManagerCompat$BaseConnectivityManagerCompatImpl: ConnectivityManagerCompat$BaseConnectivityManagerCompatImpl()
android.support.v4.net.ConnectivityManagerCompat$BaseConnectivityManagerCompatImpl: boolean isActiveNetworkMetered(android.net.ConnectivityManager)
android.support.v4.net.ConnectivityManagerCompat$ConnectivityManagerCompatImpl
android.support.v4.net.ConnectivityManagerCompat$ConnectivityManagerCompatImpl: boolean isActiveNetworkMetered(android.net.ConnectivityManager)
android.support.v4.net.ConnectivityManagerCompat$GingerbreadConnectivityManagerCompatImpl
android.support.v4.net.ConnectivityManagerCompat$GingerbreadConnectivityManagerCompatImpl: ConnectivityManagerCompat$GingerbreadConnectivityManagerCompatImpl()
android.support.v4.net.ConnectivityManagerCompat$GingerbreadConnectivityManagerCompatImpl: boolean isActiveNetworkMetered(android.net.ConnectivityManager)