proguard/mapping.txt
online.news.About -> online.news.About:
    void onCreate(android.os.Bundle) -> onCreate
    void onResume() -> onResume
    void onPause() -> onPause
    boolean onOptionsItemSelected(com.actionbarsherlock.view.MenuItem) -> onOptionsItemSelected
    void finish() -> finish
online.news.BaseActivity -> online.news.BaseActivity:
    com.slidingmenu.lib.SlidingMenu sm -> j
    android.widget.TextView notificationTv -> a
    android.widget.TextView newsTv -> b
    android.widget.TextView searchTv -> c
    android.widget.TextView shoucangTv -> d
    android.widget.TextView appsTv -> e
    android.widget.TextView settingsTv -> f
    android.widget.TextView exitTv -> g
    com.actionbarsherlock.app.ActionBar actionbar -> h
    android.widget.TextView abDropdownTv -> i
    void onCreate(android.os.Bundle) -> onCreate
    void findViews() -> a
    boolean onOptionsItemSelected(com.actionbarsherlock.view.MenuItem) -> onOptionsItemSelected
    boolean onKeyUp(int,android.view.KeyEvent) -> onKeyUp
online.news.BaseActivity$1 -> online.news.a:
    online.news.BaseActivity this$0 -> a
    void onClick(android.view.View) -> onClick
online.news.BaseActivity$2 -> online.news.b:
    online.news.BaseActivity this$0 -> a
    void onClick(android.view.View) -> onClick
online.news.BaseActivity$3 -> online.news.c:
    online.news.BaseActivity this$0 -> a
    void onClick(android.content.DialogInterface,int) -> onClick
online.news.GuideActivity -> online.news.GuideActivity:
    android.support.v4.view.ViewPager mPager -> a
    android.widget.LinearLayout mTipLayout -> b
    android.widget.ImageView lastTipImg -> c
    android.widget.Button lauchBtn -> d
    boolean isFirst -> e
    int[] guidePicRes -> f
    void onCreate(android.os.Bundle) -> onCreate
    void findViews() -> a
    void init() -> b
    void onPageScrollStateChanged(int) -> onPageScrollStateChanged
    void onPageScrolled(int,float,int) -> onPageScrolled
    void onPageSelected(int) -> onPageSelected
    int[] access$0(online.news.GuideActivity) -> a
    android.widget.Button access$1(online.news.GuideActivity) -> b
    boolean access$2(online.news.GuideActivity) -> c
online.news.GuideActivity$1 -> online.news.d:
    online.news.GuideActivity this$0 -> a
    void onClick(android.view.View) -> onClick
online.news.GuideActivity$GuidePicAdapter -> online.news.e:
    java.util.List vlist -> b
    online.news.GuideActivity this$0 -> a
    int getCount() -> getCount
    boolean isViewFromObject(android.view.View,java.lang.Object) -> isViewFromObject
    void destroyItem(android.view.ViewGroup,int,java.lang.Object) -> destroyItem
    java.lang.Object instantiateItem(android.view.ViewGroup,int) -> instantiateItem
online.news.Help -> online.news.Help:
    void onCreate(android.os.Bundle) -> onCreate
    boolean onOptionsItemSelected(com.actionbarsherlock.view.MenuItem) -> onOptionsItemSelected
    void onResume() -> onResume
    void onPause() -> onPause
    void finish() -> finish
...
com.actionbarsherlock.widget.SearchView$8 -> com.actionbarsherlock.widget.SearchView$8:
    com.actionbarsherlock.widget.SearchView this$0 -> this$0
    void onItemSelected(android.widget.AdapterView,android.view.View,int,long) -> onItemSelected
    void onNothingSelected(android.widget.AdapterView) -> onNothingSelected
com.actionbarsherlock.widget.SearchView$9 -> com.actionbarsherlock.widget.SearchView$9:
    com.actionbarsherlock.widget.SearchView this$0 -> this$0
    void beforeTextChanged(java.lang.CharSequence,int,int,int) -> beforeTextChanged
    void onTextChanged(java.lang.CharSequence,int,int,int) -> onTextChanged
    void afterTextChanged(android.text.Editable) -> afterTextChanged
com.actionbarsherlock.widget.SearchView$OnCloseListener -> com.actionbarsherlock.widget.SearchView$OnCloseListener:
    boolean onClose() -> onClose
com.actionbarsherlock.widget.SearchView$OnQueryTextListener -> com.actionbarsherlock.widget.SearchView$OnQueryTextListener:
    boolean onQueryTextSubmit(java.lang.String) -> onQueryTextSubmit
    boolean onQueryTextChange(java.lang.String) -> onQueryTextChange
com.actionbarsherlock.widget.SearchView$OnSuggestionListener -> com.actionbarsherlock.widget.SearchView$OnSuggestionListener:
    boolean onSuggestionSelect(int) -> onSuggestionSelect
    boolean onSuggestionClick(int) -> onSuggestionClick
com.actionbarsherlock.widget.SearchView$SearchAutoComplete -> com.actionbarsherlock.widget.SearchView$SearchAutoComplete:
    int mThreshold -> mThreshold
    com.actionbarsherlock.widget.SearchView mSearchView -> mSearchView
    void setSearchView(com.actionbarsherlock.widget.SearchView) -> setSearchView
    void setThreshold(int) -> setThreshold
    boolean isEmpty() -> isEmpty
    void replaceText(java.lang.CharSequence) -> replaceText
    void performCompletion() -> performCompletion
    void onWindowFocusChanged(boolean) -> onWindowFocusChanged
    void onFocusChanged(boolean,int,android.graphics.Rect) -> onFocusChanged
    boolean enoughToFilter() -> enoughToFilter
    boolean onKeyPreIme(int,android.view.KeyEvent) -> onKeyPreIme
    boolean access$0(com.actionbarsherlock.widget.SearchView$SearchAutoComplete) -> access$0
com.actionbarsherlock.widget.ShareActionProvider -> com.actionbarsherlock.widget.ShareActionProvider:
    int DEFAULT_INITIAL_ACTIVITY_COUNT -> DEFAULT_INITIAL_ACTIVITY_COUNT
    int mMaxShownActivityCount -> mMaxShownActivityCount
    com.actionbarsherlock.widget.ShareActionProvider$ShareMenuItemOnMenuItemClickListener mOnMenuItemClickListener -> mOnMenuItemClickListener
    java.lang.String DEFAULT_SHARE_HISTORY_FILE_NAME -> DEFAULT_SHARE_HISTORY_FILE_NAME
    android.content.Context mContext -> mContext
    java.lang.String mShareHistoryFileName -> mShareHistoryFileName
    com.actionbarsherlock.widget.ShareActionProvider$OnShareTargetSelectedListener mOnShareTargetSelectedListener -> mOnShareTargetSelectedListener
    com.actionbarsherlock.widget.ActivityChooserModel$OnChooseActivityListener mOnChooseActivityListener -> mOnChooseActivityListener
    void setOnShareTargetSelectedListener(com.actionbarsherlock.widget.ShareActionProvider$OnShareTargetSelectedListener) -> setOnShareTargetSelectedListener
    android.view.View onCreateActionView() -> onCreateActionView
    boolean hasSubMenu() -> hasSubMenu
    void onPrepareSubMenu(com.actionbarsherlock.view.SubMenu) -> onPrepareSubMenu
    void setShareHistoryFileName(java.lang.String) -> setShareHistoryFileName
    void setShareIntent(android.content.Intent) -> setShareIntent
    void setActivityChooserPolicyIfNeeded() -> setActivityChooserPolicyIfNeeded
com.actionbarsherlock.widget.ShareActionProvider$OnShareTargetSelectedListener -> com.actionbarsherlock.widget.ShareActionProvider$OnShareTargetSelectedListener:
    boolean onShareTargetSelected(com.actionbarsherlock.widget.ShareActionProvider,android.content.Intent) -> onShareTargetSelected