proguard/usage.txt
online.news.BuildConfig
online.news.MainActivity:
    private static final int SEARCH_MESSAGE_INIT
    private static final int SEARCH_MESSAGE_EXCEPTION
online.news.NewsDetailActivity:
    private static final int MESSAGE_CONTENT_LOAD_FINISHED
    private static final int MESSAGE_EXCEPTION
online.news.OtherNewsListActivity:
    private static final int MESSAGE_LOAD_MORE
    private static final int MESSAGE_LOAD_FAIL
    private static final int MESSAGE_INIT_LIST
    private static final int MESSAGE_EXCEPTION
    private static final int MESSAGE_NULL
online.news.R:
    10:10:public R()
online.news.SplashActivity:
    private static final java.lang.String PREFS_NAME
online.news.adapter.NewsPagerAdapter:
    private static final int MESSAGE_INIT_LIST
    private static final int MESSAGE_EXCEPTION
    private static final int MESSAGE_NULL
online.news.sql.DataBaseHelper:
    public static final java.lang.String DATABASE_FILE_NAME
    private static final int VERSION
    public static final java.lang.String TABLE_PASSAGE
    15:16:public DataBaseHelper(android.content.Context,java.lang.String,android.database.sqlite.SQLiteDatabase$CursorFactory,int)
online.news.sql.PassageDAO:
    private static final java.lang.String TAG
    66:89:public online.news.entity.Passage getPassage(int)
online.news.util.FileManager:
    public static final java.lang.String suffix
    15:15:private FileManager()
online.news.util.FileNameUtil:
    3:3:public FileNameUtil()
online.news.util.HttpUtils:
    7:7:public HttpUtils()
online.news.util.OStrOperate:
    12:13:private OStrOperate()
    22:22:public static boolean hasValue(java.lang.String)
online.news.util.UsefulStaticValues:
    public static final int LOCAL_VIRTUAL_MACHINE_IP
    public static final int LOCAL_IP
    public static final int ONLINE_IP_01
    public static final int ONLINE_IP_02
    5:5:public UsefulStaticValues()
online.news.widget.IconPagerAdapter
online.news.widget.Wp8ImgWithTxtWidget
...
com.umeng.common.net.i$a
com.umeng.common.net.i$b
com.umeng.common.net.i$c
com.umeng.common.net.j:
    public com.umeng.common.net.j a(java.util.Map)
com.umeng.common.net.k:
    public java.lang.String d()
com.umeng.fb.UMFeedbackService:
    public UMFeedbackService()
    public static void setGoBackButtonVisible()
    public static void setRemarkMap(java.util.Map)
com.umeng.fb.a:
    public java.lang.String d
com.umeng.fb.a.a:
    private static final int b
com.umeng.fb.a.b:
    public b(java.lang.String)
com.umeng.fb.b.a:
    public a()
com.umeng.fb.b.b:
    public b()
com.umeng.fb.b.c:
    public c()
    public static int l(android.content.Context)
com.umeng.fb.b.d:
    public d()
com.umeng.fb.b.e:
    public e()
    public static int c(android.content.Context)
    public static int k(android.content.Context)
    public static int A(android.content.Context)
com.umeng.fb.f:
    public static final java.lang.String a
    public static final java.lang.String b
    public static final java.lang.String c
    public static final int f
    static final int g
    public static final java.lang.String p
    public static final java.lang.String s
    public static final java.lang.String t
    public static final java.lang.String v
    public static final java.lang.String w
    public static final java.lang.String x
    public static final java.lang.String y
    public static final java.lang.String z
    public static final java.lang.String A
    public static final java.lang.String B
    public static final java.lang.String C
    public static final java.lang.String D
    public static final java.lang.String E
    public static final java.lang.String F
    public static final java.lang.String G
    public static final java.lang.String H
    public static final java.lang.String I
    public static final java.lang.String J
    public static final java.lang.String K
    public static final java.lang.String L
    public static final java.lang.String M
    static final java.lang.String N
    static final java.lang.String O
    static final java.lang.String P
    static final java.lang.String Q
    static final java.lang.String R
    public static final java.lang.String S
    public static final java.lang.String T
    public static final java.lang.String U
    public static final java.lang.String V
    public static final java.lang.String W
com.umeng.fb.g:
    public g()
    public static void a(android.content.Context)
    public static java.lang.String a()
    public static int a(java.util.Date,java.util.Date)
    public static java.util.Date b(android.content.Context)
    public static void a(android.content.Context,java.util.Date)
    public static java.lang.String a(org.json.JSONObject)
    public static java.lang.String b(org.json.JSONObject)
com.umeng.fb.ui.FeedbackConversations:
    private static final int c
    private static final int d
    private static final int e
    private static final int f
    private static final int g
com.umeng.fb.ui.b:
    java.lang.String c
com.umeng.fb.ui.d:
    org.json.JSONArray d
    java.lang.String[] e
    public com.umeng.fb.b$a a(int)
com.umeng.fb.util.ActivityStarter:
    public ActivityStarter()
com.umeng.fb.util.a:
    static final java.lang.String a
    private static final int b
    public a()
com.umeng.fb.util.b:
    public b()
    public static synchronized boolean b(org.json.JSONObject)
com.umeng.fb.util.c:
    public c()